<?xml version="1.0" encoding="UTF-8"?>
<testsuite xmlns:xsi="http://www.w3.org/2001/XMLSchema-instance" xsi:noNamespaceSchemaLocation="https://maven.apache.org/surefire/maven-surefire-plugin/xsd/surefire-test-report-3.0.xsd" version="3.0" name="dao.LibroDaoTest" time="0.424" tests="1" errors="0" skipped="0" failures="0">
  <properties>
    <property name="java.specification.version" value="17"/>
    <property name="sun.jnu.encoding" value="UTF-8"/>
    <property name="java.class.path" value="/home/leo/Escritorio/Integrador1-Biblioteca-Prestamos/target/test-classes:/home/leo/Escritorio/Integrador1-Biblioteca-Prestamos/target/classes:/home/leo/.m2/repository/com/mysql/mysql-connector-j/8.0.33/mysql-connector-j-8.0.33.jar:/home/leo/.m2/repository/com/google/protobuf/protobuf-java/3.21.9/protobuf-java-3.21.9.jar:/home/leo/.m2/repository/org/apache/commons/commons-dbcp2/2.12.0/commons-dbcp2-2.12.0.jar:/home/leo/.m2/repository/org/apache/commons/commons-pool2/2.12.0/commons-pool2-2.12.0.jar:/home/leo/.m2/repository/commons-logging/commons-logging/1.3.0/commons-logging-1.3.0.jar:/home/leo/.m2/repository/jakarta/transaction/jakarta.transaction-api/1.3.3/jakarta.transaction-api-1.3.3.jar:/home/leo/.m2/repository/org/junit/jupiter/junit-jupiter-engine/5.10.2/junit-jupiter-engine-5.10.2.jar:/home/leo/.m2/repository/org/junit/platform/junit-platform-engine/1.10.2/junit-platform-engine-1.10.2.jar:/home/leo/.m2/repository/org/opentest4j/opentest4j/1.3.0/opentest4j-1.3.0.jar:/home/leo/.m2/repository/org/junit/platform/junit-platform-commons/1.10.2/junit-platform-commons-1.10.2.jar:/home/leo/.m2/repository/org/junit/jupiter/junit-jupiter-api/5.10.2/junit-jupiter-api-5.10.2.jar:/home/leo/.m2/repository/org/apiguardian/apiguardian-api/1.1.2/apiguardian-api-1.1.2.jar:"/>
    <property name="java.vm.vendor" value="JetBrains s.r.o."/>
    <property name="sun.arch.data.model" value="64"/>
    <property name="java.vendor.url" value="https://openjdk.java.net/"/>
    <property name="user.timezone" value="America/Lima"/>
    <property name="os.name" value="Linux"/>
    <property name="java.vm.specification.version" value="17"/>
    <property name="user.country" value="ES"/>
    <property name="sun.java.launcher" value="SUN_STANDARD"/>
    <property name="sun.boot.library.path" value="/home/leo/.sdkman/candidates/java/17.0.11-jbr/lib"/>
    <property name="sun.java.command" value="/home/leo/Escritorio/Integrador1-Biblioteca-Prestamos/target/surefire/surefirebooter-20240702002230009_3.jar /home/leo/Escritorio/Integrador1-Biblioteca-Prestamos/target/surefire 2024-07-02T00-22-29_316-jvmRun1 surefire-20240702002230009_1tmp surefire_0-20240702002230009_2tmp"/>
    <property name="jdk.debug" value="release"/>
    <property name="test" value="dao.LibroDaoTest"/>
    <property name="surefire.test.class.path" value="/home/leo/Escritorio/Integrador1-Biblioteca-Prestamos/target/test-classes:/home/leo/Escritorio/Integrador1-Biblioteca-Prestamos/target/classes:/home/leo/.m2/repository/com/mysql/mysql-connector-j/8.0.33/mysql-connector-j-8.0.33.jar:/home/leo/.m2/repository/com/google/protobuf/protobuf-java/3.21.9/protobuf-java-3.21.9.jar:/home/leo/.m2/repository/org/apache/commons/commons-dbcp2/2.12.0/commons-dbcp2-2.12.0.jar:/home/leo/.m2/repository/org/apache/commons/commons-pool2/2.12.0/commons-pool2-2.12.0.jar:/home/leo/.m2/repository/commons-logging/commons-logging/1.3.0/commons-logging-1.3.0.jar:/home/leo/.m2/repository/jakarta/transaction/jakarta.transaction-api/1.3.3/jakarta.transaction-api-1.3.3.jar:/home/leo/.m2/repository/org/junit/jupiter/junit-jupiter-engine/5.10.2/junit-jupiter-engine-5.10.2.jar:/home/leo/.m2/repository/org/junit/platform/junit-platform-engine/1.10.2/junit-platform-engine-1.10.2.jar:/home/leo/.m2/repository/org/opentest4j/opentest4j/1.3.0/opentest4j-1.3.0.jar:/home/leo/.m2/repository/org/junit/platform/junit-platform-commons/1.10.2/junit-platform-commons-1.10.2.jar:/home/leo/.m2/repository/org/junit/jupiter/junit-jupiter-api/5.10.2/junit-jupiter-api-5.10.2.jar:/home/leo/.m2/repository/org/apiguardian/apiguardian-api/1.1.2/apiguardian-api-1.1.2.jar:"/>
    <property name="sun.cpu.endian" value="little"/>
    <property name="user.home" value="/home/leo"/>
    <property name="user.language" value="es"/>
    <property name="java.specification.vendor" value="Oracle Corporation"/>
    <property name="java.version.date" value="2024-04-16"/>
    <property name="java.home" value="/home/leo/.sdkman/candidates/java/17.0.11-jbr"/>
    <property name="file.separator" value="/"/>
    <property name="basedir" value="/home/leo/Escritorio/Integrador1-Biblioteca-Prestamos"/>
    <property name="java.vm.compressedOopsMode" value="32-bit"/>
    <property name="line.separator" value="&#10;"/>
    <property name="java.vm.specification.vendor" value="Oracle Corporation"/>
    <property name="java.specification.name" value="Java Platform API Specification"/>
    <property name="intellij.os.virtualization" value="none"/>
    <property name="jbr.virtualization.information" value="No virtualization detected"/>
    <property name="surefire.real.class.path" value="/home/leo/Escritorio/Integrador1-Biblioteca-Prestamos/target/surefire/surefirebooter-20240702002230009_3.jar"/>
    <property name="sun.management.compiler" value="HotSpot 64-Bit Tiered Compilers"/>
    <property name="java.runtime.version" value="17.0.11+1-b1207.20"/>
    <property name="user.name" value="leo"/>
    <property name="path.separator" value=":"/>
    <property name="os.version" value="6.8.0-35-generic"/>
    <property name="java.runtime.name" value="OpenJDK Runtime Environment"/>
    <property name="file.encoding" value="UTF-8"/>
    <property name="java.vm.name" value="OpenJDK 64-Bit Server VM"/>
    <property name="java.vendor.version" value="JBR-17.0.11+1-1207.20-jcef"/>
    <property name="maven.ext.class.path" value="/usr/lib/apache-netbeans/java/maven-nblib/netbeans-eventspy.jar"/>
    <property name="localRepository" value="/home/leo/.m2/repository"/>
    <property name="java.vendor.url.bug" value="https://bugreport.java.com/bugreport/"/>
    <property name="java.io.tmpdir" value="/tmp"/>
    <property name="java.version" value="17.0.11"/>
    <property name="user.dir" value="/home/leo/Escritorio/Integrador1-Biblioteca-Prestamos"/>
    <property name="os.arch" value="amd64"/>
    <property name="java.vm.specification.name" value="Java Virtual Machine Specification"/>
    <property name="native.encoding" value="UTF-8"/>
    <property name="java.library.path" value="/usr/java/packages/lib:/usr/lib64:/lib64:/lib:/usr/lib"/>
    <property name="java.vm.info" value="mixed mode, sharing"/>
    <property name="java.vendor" value="JetBrains s.r.o."/>
    <property name="java.vm.version" value="17.0.11+1-b1207.20"/>
    <property name="sun.io.unicode.encoding" value="UnicodeLittle"/>
    <property name="java.class.version" value="61.0"/>
  </properties>
  <testcase name="testBuscarTodosLibros" classname="dao.LibroDaoTest" time="0.399">
    <system-out><![CDATA[Libro{libro_id=1, isbn='3888580894', titulo='Cien años de soledad', autor=Autor{autor_id=1, nombre='Gabriel García Márquez'}, link_imagen='https://i.postimg.cc/0289XLbZ/1-Cien-a-os-de-soledad.jpg', descripcion='Novela icónica que sigue la historia de la familia Buendía en el pueblo ficticio de Macondo.', stock=2}
Libro{libro_id=2, isbn='5215707454', titulo='El amor en los tiempos del cólera', autor=Autor{autor_id=1, nombre='Gabriel García Márquez'}, link_imagen='https://i.postimg.cc/vZTbbf7V/2-el-amor-en-tiempos-de-c-lera.jpg', descripcion='Historia de amor entre Fermina Daza y Florentino Ariza que abarca varias décadas.', stock=3}
Libro{libro_id=3, isbn='2997016528', titulo='Crónica de una muerte anunciada', autor=Autor{autor_id=1, nombre='Gabriel García Márquez'}, link_imagen='https://i.postimg.cc/5NnbhnzJ/3-Cr-nica-de-una-muerte-anunciada.jpg', descripcion='Historia sobre la muerte de Santiago Nasar, narrada como una crónica periodística.', stock=3}
]]></system-out>
  </testcase>
</testsuite>